[debug] [2021-08-03T10:21:44.520Z] ----------------------------------------------------------------------
[debug] [2021-08-03T10:21:44.522Z] Command:       C:\Program Files\nodejs\node.exe C:\Users\manisha.panda\AppData\Roaming\npm\node_modules\firebase-tools\lib\bin\firebase.js serve
[debug] [2021-08-03T10:21:44.522Z] CLI Version:   9.16.0
[debug] [2021-08-03T10:21:44.522Z] Platform:      win32
[debug] [2021-08-03T10:21:44.522Z] Node Version:  v12.16.1
[debug] [2021-08-03T10:21:44.526Z] Time:          Tue Aug 03 2021 12:21:44 GMT+0200 (Central European Summer Time)
[debug] [2021-08-03T10:21:44.526Z] ----------------------------------------------------------------------
[debug] 
[debug] [2021-08-03T10:21:44.619Z] > command requires scopes: ["email","openid","https://www.googleapis.com/auth/cloudplatformprojects.readonly","https://www.googleapis.com/auth/firebase","https://www.googleapis.com/auth/cloud-platform"]
[debug] [2021-08-03T10:21:44.620Z] > authorizing via signed-in user (manishapanda2012@gmail.com)
[debug] [2021-08-03T10:21:44.620Z] [iam] checking project antheia-4fe53 for permissions ["firebase.projects.get"]
[debug] [2021-08-03T10:21:44.622Z] >>> HTTP REQUEST POST https://cloudresourcemanager.googleapis.com/v1/projects/antheia-4fe53:testIamPermissions  
 {"permissions":["firebase.projects.get"]}
[debug] [2021-08-03T10:21:44.894Z] <<< HTTP RESPONSE 200 {"content-type":"application/json; charset=UTF-8","vary":"X-Origin, Referer, Origin,Accept-Encoding","date":"Tue, 03 Aug 2021 10:21:44 GMT","server":"ESF","cache-control":"private","x-xss-protection":"0","x-frame-options":"SAMEORIGIN","x-content-type-options":"nosniff","server-timing":"gfet4t7; dur=124","alt-svc":"h3=\":443\"; ma=2592000,h3-29=\":443\"; ma=2592000,h3-T051=\":443\"; ma=2592000,h3-Q050=\":443\"; ma=2592000,h3-Q046=\":443\"; ma=2592000,h3-Q043=\":443\"; ma=2592000,quic=\":443\"; ma=2592000; v=\"46,43\"","accept-ranges":"none","transfer-encoding":"chunked"}
[debug] [2021-08-03T10:21:44.896Z] > refreshing access token with scopes: []
[debug] [2021-08-03T10:21:44.896Z] >>> HTTP REQUEST POST https://www.googleapis.com/oauth2/v3/token  
 <request body omitted>
[debug] [2021-08-03T10:21:45.048Z] <<< HTTP RESPONSE 200 {"expires":"Mon, 01 Jan 1990 00:00:00 GMT","date":"Tue, 03 Aug 2021 10:21:45 GMT","cache-control":"no-cache, no-store, max-age=0, must-revalidate","pragma":"no-cache","content-type":"application/json; charset=utf-8","vary":"X-Origin, Referer, Origin,Accept-Encoding","server":"scaffolding on HTTPServer2","x-xss-protection":"0","x-frame-options":"SAMEORIGIN","x-content-type-options":"nosniff","alt-svc":"h3=\":443\"; ma=2592000,h3-29=\":443\"; ma=2592000,h3-T051=\":443\"; ma=2592000,h3-Q050=\":443\"; ma=2592000,h3-Q046=\":443\"; ma=2592000,h3-Q043=\":443\"; ma=2592000,quic=\":443\"; ma=2592000; v=\"46,43\"","accept-ranges":"none","transfer-encoding":"chunked"}
[debug] [2021-08-03T10:21:45.067Z] >>> [apiv2][query] GET https://firebase.googleapis.com/v1beta1/projects/antheia-4fe53 [none]
[debug] [2021-08-03T10:21:45.383Z] <<< [apiv2][status] GET https://firebase.googleapis.com/v1beta1/projects/antheia-4fe53 200
[debug] [2021-08-03T10:21:45.384Z] <<< [apiv2][body] GET https://firebase.googleapis.com/v1beta1/projects/antheia-4fe53 {"projectId":"antheia-4fe53","projectNumber":"506600827292","displayName":"Antheia","name":"projects/antheia-4fe53","resources":{"hostingSite":"antheia-4fe53"},"state":"ACTIVE"}
[info] 
[info] === Serving from 'C:\Users\manisha.panda\software_development\ngx-formly\newFormly\sis\tooling\hackathon\Antheia1\Antheia'...
[info] 
[debug] [2021-08-03T10:21:45.387Z] >>> [apiv2][query] GET https://firebasehosting.googleapis.com/v1beta1/projects/antheia-4fe53/sites 
[debug] [2021-08-03T10:21:46.247Z] <<< [apiv2][status] GET https://firebasehosting.googleapis.com/v1beta1/projects/antheia-4fe53/sites 200
[debug] [2021-08-03T10:21:46.247Z] <<< [apiv2][body] GET https://firebasehosting.googleapis.com/v1beta1/projects/antheia-4fe53/sites {"sites":[{"name":"projects/506600827292/sites/antheia-4fe53","defaultUrl":"https://antheia-4fe53.web.app","type":"DEFAULT_SITE"}]}
[debug] [2021-08-03T10:21:46.247Z] >>> [apiv2][query] GET https://firebase.googleapis.com/v1beta1/projects/antheia-4fe53/webApps/-/config [none]
[debug] [2021-08-03T10:21:46.970Z] <<< [apiv2][status] GET https://firebase.googleapis.com/v1beta1/projects/antheia-4fe53/webApps/-/config 200
[debug] [2021-08-03T10:21:46.971Z] <<< [apiv2][body] GET https://firebase.googleapis.com/v1beta1/projects/antheia-4fe53/webApps/-/config {"projectId":"antheia-4fe53","storageBucket":"antheia-4fe53.appspot.com","apiKey":"AIzaSyBEEUxJNV85ygAixYw7h3WDKYfaE96bmIA","authDomain":"antheia-4fe53.firebaseapp.com","messagingSenderId":"506600827292"}
[info] i  hosting: Serving hosting files from: public {"metadata":{"emulator":{"name":"hosting"},"message":"Serving hosting files from: \u001b[1mpublic\u001b[22m"}}
[info] +  hosting: Local server: http://localhost:5000 {"metadata":{"emulator":{"name":"hosting"},"message":"Local server: \u001b[4m\u001b[1mhttp://localhost:5000\u001b[22m\u001b[24m"}}
[info] i  hosting: 127.0.0.1 - - [03/Aug/2021:10:22:00 +0000] "GET / HTTP/1.1" 200 992 "-" "Mozilla/5.0 (Windows NT 10.0; Win64; x64) AppleWebKit/537.36 (KHTML, like Gecko) Chrome/91.0.4472.124 Safari/537.36" {"metadata":{"emulator":{"name":"hosting"},"message":"127.0.0.1 - - [03/Aug/2021:10:22:00 +0000] \"GET / HTTP/1.1\" 200 992 \"-\" \"Mozilla/5.0 (Windows NT 10.0; Win64; x64) AppleWebKit/537.36 (KHTML, like Gecko) Chrome/91.0.4472.124 Safari/537.36\""}}
[info] i  hosting: 127.0.0.1 - - [03/Aug/2021:10:22:01 +0000] "GET /src/assets/antheia.png HTTP/1.1" 404 1808 "http://localhost:5000/" "Mozilla/5.0 (Windows NT 10.0; Win64; x64) AppleWebKit/537.36 (KHTML, like Gecko) Chrome/91.0.4472.124 Safari/537.36" {"metadata":{"emulator":{"name":"hosting"},"message":"127.0.0.1 - - [03/Aug/2021:10:22:01 +0000] \"GET /src/assets/antheia.png HTTP/1.1\" 404 1808 \"http://localhost:5000/\" \"Mozilla/5.0 (Windows NT 10.0; Win64; x64) AppleWebKit/537.36 (KHTML, like Gecko) Chrome/91.0.4472.124 Safari/537.36\""}}
[info] i  hosting: 127.0.0.1 - - [03/Aug/2021:10:22:01 +0000] "GET /favicon.ico HTTP/1.1" 404 1808 "http://localhost:5000/" "Mozilla/5.0 (Windows NT 10.0; Win64; x64) AppleWebKit/537.36 (KHTML, like Gecko) Chrome/91.0.4472.124 Safari/537.36" {"metadata":{"emulator":{"name":"hosting"},"message":"127.0.0.1 - - [03/Aug/2021:10:22:01 +0000] \"GET /favicon.ico HTTP/1.1\" 404 1808 \"http://localhost:5000/\" \"Mozilla/5.0 (Windows NT 10.0; Win64; x64) AppleWebKit/537.36 (KHTML, like Gecko) Chrome/91.0.4472.124 Safari/537.36\""}}
