[debug] [2021-08-02T23:26:06.526Z] ----------------------------------------------------------------------
[debug] [2021-08-02T23:26:06.529Z] Command:       C:\Program Files\nodejs\node.exe C:\Users\manisha.panda\AppData\Roaming\npm\node_modules\firebase-tools\lib\bin\firebase.js init
[debug] [2021-08-02T23:26:06.530Z] CLI Version:   9.16.0
[debug] [2021-08-02T23:26:06.530Z] Platform:      win32
[debug] [2021-08-02T23:26:06.530Z] Node Version:  v12.16.1
[debug] [2021-08-02T23:26:06.535Z] Time:          Tue Aug 03 2021 01:26:06 GMT+0200 (Central European Summer Time)
[debug] [2021-08-02T23:26:06.536Z] ----------------------------------------------------------------------
[debug] 
[debug] [2021-08-02T23:26:06.571Z] > command requires scopes: ["email","openid","https://www.googleapis.com/auth/cloudplatformprojects.readonly","https://www.googleapis.com/auth/firebase","https://www.googleapis.com/auth/cloud-platform"]
[debug] [2021-08-02T23:26:06.571Z] > authorizing via signed-in user (manishapanda2012@gmail.com)
[info] 
     ######## #### ########  ######## ########     ###     ######  ########
     ##        ##  ##     ## ##       ##     ##  ##   ##  ##       ##
     ######    ##  ########  ######   ########  #########  ######  ######
     ##        ##  ##    ##  ##       ##     ## ##     ##       ## ##
     ##       #### ##     ## ######## ########  ##     ##  ######  ########

You're about to initialize a Firebase project in this directory:

  C:\Users\manisha.panda\software_development\ngx-formly\newFormly\sis\tooling\hackathon\Antheia1\Antheia

[info] 
=== Project Setup
[info] 
[info] First, let's associate this project directory with a Firebase project.
[info] You can create multiple project aliases by running firebase use --add, 
[info] but for now we'll just set up a default project.
[info] 
[debug] [2021-08-02T23:27:09.512Z] >>> [apiv2][query] GET https://firebase.googleapis.com/v1beta1/projects pageSize=100
[debug] [2021-08-02T23:27:09.522Z] Failed to make request to https://firebase.googleapis.com/v1beta1/projects?pageSize=100
[debug] [2021-08-02T23:27:09.532Z] FirebaseError: Failed to make request to https://firebase.googleapis.com/v1beta1/projects?pageSize=100
    at Client.doRequest (C:\Users\manisha.panda\AppData\Roaming\npm\node_modules\firebase-tools\lib\apiv2.js:211:19)
    at processTicksAndRejections (internal/process/task_queues.js:97:5)
[error] 
[error] Error: Failed to list Firebase projects. See firebase-debug.log for more info.
